<?xml version="1.0" encoding="UTF-8"?>
<testng-results skipped="0" failed="0" ignored="0" total="1" passed="1">
  <reporter-output>
  </reporter-output>
  <suite name="Default suite" duration-ms="28114" started-at="2019-03-27T19:02:08Z" finished-at="2019-03-27T19:02:36Z">
    <groups>
    </groups>
    <test name="Default test" duration-ms="28114" started-at="2019-03-27T19:02:08Z" finished-at="2019-03-27T19:02:36Z">
      <class name="PHT.Task18.TestBooking">
        <test-method status="PASS" signature="start()[pri:0, instance:PHT.Task18.TestBooking@14acaea5]" name="start" is-config="true" duration-ms="11902" started-at="2019-03-27T19:02:08Z" finished-at="2019-03-27T19:02:20Z">
          <reporter-output>
          </reporter-output>
        </test-method> <!-- start -->
        <test-method status="PASS" signature="testBooking()[pri:0, instance:PHT.Task18.TestBooking@14acaea5]" name="testBooking" duration-ms="16134" started-at="2019-03-27T19:02:20Z" finished-at="2019-03-27T19:02:36Z">
          <reporter-output>
          </reporter-output>
        </test-method> <!-- testBooking -->
      </class> <!-- PHT.Task18.TestBooking -->
    </test> <!-- Default test -->
  </suite> <!-- Default suite -->
</testng-results>
