<?xml version="1.0" encoding="UTF-8"?>
<testng-results skipped="0" failed="0" ignored="0" total="1" passed="1">
  <reporter-output>
  </reporter-output>
  <suite name="Default suite" duration-ms="7942" started-at="2019-04-17T16:10:25Z" finished-at="2019-04-17T16:10:33Z">
    <groups>
      <group name="cucumber">
        <method signature="AbstractTestNGCucumberTests.feature(cucumber.api.testng.CucumberFeatureWrapper)[pri:0, instance:framework.TestsRun@6a4ccef7]" name="feature" class="cucumber.api.testng.AbstractTestNGCucumberTests"/>
      </group> <!-- cucumber -->
    </groups>
    <test name="Default test" duration-ms="7942" started-at="2019-04-17T16:10:25Z" finished-at="2019-04-17T16:10:33Z">
      <class name="framework.TestsRun">
        <test-method status="PASS" signature="setUpClass()[pri:0, instance:framework.TestsRun@6a4ccef7]" name="setUpClass" is-config="true" duration-ms="2045" started-at="2019-04-17T16:10:26Z" finished-at="2019-04-17T16:10:28Z">
          <reporter-output>
          </reporter-output>
        </test-method> <!-- setUpClass -->
        <test-method status="PASS" signature="feature(cucumber.api.testng.CucumberFeatureWrapper)[pri:0, instance:framework.TestsRun@6a4ccef7]" name="feature" duration-ms="5417" started-at="2019-04-17T16:10:28Z" description="Runs Cucumber Feature" data-provider="features" finished-at="2019-04-17T16:10:33Z">
          <params>
            <param index="0">
              <value>
                <![CDATA[Test VK]]>
              </value>
            </param>
          </params>
          <reporter-output>
          </reporter-output>
        </test-method> <!-- feature -->
        <test-method status="PASS" signature="tearDownClass()[pri:0, instance:framework.TestsRun@6a4ccef7]" name="tearDownClass" is-config="true" duration-ms="45" started-at="2019-04-17T16:10:33Z" finished-at="2019-04-17T16:10:33Z">
          <reporter-output>
          </reporter-output>
        </test-method> <!-- tearDownClass -->
      </class> <!-- framework.TestsRun -->
    </test> <!-- Default test -->
  </suite> <!-- Default suite -->
</testng-results>
