<?xml version="1.0" encoding="UTF-8"?>
<testng-results skipped="0" failed="0" ignored="0" total="0" passed="0">
  <reporter-output>
  </reporter-output>
  <suite name="Default suite" duration-ms="2632" started-at="2019-04-20T01:13:28Z" finished-at="2019-04-20T01:13:31Z">
    <groups>
      <group name="cucumber">
        <method signature="AbstractTestNGCucumberTests.feature(cucumber.api.testng.CucumberFeatureWrapper)[pri:0, instance:framework.TestsRun@7c8d5312]" name="feature" class="cucumber.api.testng.AbstractTestNGCucumberTests"/>
      </group> <!-- cucumber -->
    </groups>
    <test name="Default test" duration-ms="2632" started-at="2019-04-20T01:13:28Z" finished-at="2019-04-20T01:13:31Z">
      <class name="framework.TestsRun">
        <test-method status="PASS" signature="setUpClass()[pri:0, instance:framework.TestsRun@7c8d5312]" name="setUpClass" is-config="true" duration-ms="1849" started-at="2019-04-20T01:13:28Z" finished-at="2019-04-20T01:13:30Z">
          <reporter-output>
          </reporter-output>
        </test-method> <!-- setUpClass -->
        <test-method status="PASS" signature="tearDownClass()[pri:0, instance:framework.TestsRun@7c8d5312]" name="tearDownClass" is-config="true" duration-ms="689" started-at="2019-04-20T01:13:30Z" finished-at="2019-04-20T01:13:31Z">
          <reporter-output>
          </reporter-output>
        </test-method> <!-- tearDownClass -->
      </class> <!-- framework.TestsRun -->
    </test> <!-- Default test -->
  </suite> <!-- Default suite -->
</testng-results>
